<?xml version="1.0" encoding="UTF-8"?>
<testsuite xmlns:xsi="http://www.w3.org/2001/XMLSchema-instance" xsi:noNamespaceSchemaLocation="https://maven.apache.org/surefire/maven-surefire-plugin/xsd/surefire-test-report-3.0.xsd" version="3.0" name="de.hochschule.carrental.logic.ContractLogicTest" time="0.57" tests="5" errors="0" skipped="0" failures="0">
  <properties>
[...]
</properties>
  <testcase name="calcPrice_endBeforeBegin_throwsIllegalArgumentException" classname="de.hochschule.carrental.logic.ContractLogicTest" time="0.54">
    <system-err><![CDATA[SLF4J: Failed to load class "org.slf4j.impl.StaticLoggerBinder".
SLF4J: Defaulting to no-operation (NOP) logger implementation
SLF4J: See http://www.slf4j.org/codes.html#StaticLoggerBinder for further details.
]]></system-err>
  </testcase>
  <testcase name="calcPrice_threeDays_isThreeTimesCarPrice" classname="de.hochschule.carrental.logic.ContractLogicTest" time="0.004"/>
  <testcase name="finishContract_deletesContract_and_setsCarAvailableAgain" classname="de.hochschule.carrental.logic.ContractLogicTest" time="0.01">
    <system-out><![CDATA[Contract stored in database: V1
]]></system-out>
  </testcase>
  <testcase name="createContract_savesContract_and_setsCarUnavailable" classname="de.hochschule.carrental.logic.ContractLogicTest" time="0.005">
    <system-out><![CDATA[Contract stored in database: V1
]]></system-out>
  </testcase>
  <testcase name="calcPrice_sameDay_countsAsOneDay" classname="de.hochschule.carrental.logic.ContractLogicTest" time="0.004"/>
</testsuite>